<?xml version="1.0" encoding="UTF-8"?>
<coverage generated="1504105241197" clover="3.2.0">
  <project timestamp="1504105241198" name="All files">
    <metrics statements="13" coveredstatements="13" conditionals="1" coveredconditionals="1" methods="3" coveredmethods="3" elements="17" coveredelements="17" complexity="0" loc="13" ncloc="13" packages="1" files="2" classes="2">
      <file name="index.ts" path="/Users/yuchen/Projects/yca/api/src/index.ts">
        <metrics statements="9" coveredstatements="9" conditionals="1" coveredconditionals="1" methods="2" coveredmethods="2"/>
        <line num="1" count="1" type="stmt"/>
        <line num="2" count="1" type="stmt"/>
        <line num="3" count="1" type="stmt"/>
        <line num="5" count="1" type="stmt"/>
        <line num="7" count="1" type="stmt"/>
        <line num="8" count="2" type="stmt"/>
        <line num="11" count="1" type="stmt"/>
        <line num="12" count="1" type="stmt"/>
        <line num="19" count="1" type="stmt"/>
      </file>
      <file name="service.ts" path="/Users/yuchen/Projects/yca/api/src/service.ts">
        <metrics statements="4" coveredstatements="4" conditionals="0" coveredconditionals="0" methods="1" coveredmethods="1"/>
        <line num="1" count="1" type="stmt"/>
        <line num="2" count="1" type="stmt"/>
        <line num="5" count="1" type="stmt"/>
        <line num="8" count="2" type="stmt"/>
      </file>
    </metrics>
  </project>
</coverage>
