{"/Users/yuchen/Projects/yca/api/src/index.ts": {"path":"/Users/yuchen/Projects/yca/api/src/index.ts","statementMap":{"0":{"start":{"line":1,"column":0},"end":{"line":1,"column":77}},"1":{"start":{"line":2,"column":0},"end":{"line":2,"column":46}},"2":{"start":{"line":3,"column":0},"end":{"line":3,"column":31}},"3":{"start":{"line":5,"column":0},"end":{"line":5,"column":26}},"4":{"start":{"line":8,"column":2},"end":{"line":8,"column":17}},"5":{"start":{"line":7,"column":0},"end":{"line":9,"column":1}},"6":{"start":{"line":11,"column":13},"end":{"line":11,"column":28}},"7":{"start":{"line":12,"column":13},"end":{"line":12,"column":59}},"8":{"start":{"line":19,"column":13},"end":{"line":null,"column":-1}},"9":{"start":{"line":19,"column":13},"end":{"line":19,"column":22}}},"fnMap":{"0":{"name":"ApiFactory","decl":{"start":{"line":7,"column":0},"end":{"line":7,"column":26}},"loc":{"start":{"line":7,"column":27},"end":{"line":9,"column":1}}},"1":{"name":"(anonymous_3)","decl":{"start":{"line":20,"column":2},"end":{"line":20,"column":8}},"loc":{"start":{"line":20,"column":17},"end":{"line":28,"column":3}}}},"branchMap":{"0":{"loc":{"start":{"line":20,"column":17},"end":{"line":20,"column":31}},"type":"default-arg","locations":[{"start":{"line":20,"column":17},"end":{"line":20,"column":31}}]}},"s":{"0":1,"1":1,"2":1,"3":1,"4":2,"5":1,"6":1,"7":1,"8":1,"9":1},"f":{"0":2,"1":2},"b":{"0":[1]}}
,"/Users/yuchen/Projects/yca/api/src/service.ts": {"path":"/Users/yuchen/Projects/yca/api/src/service.ts","statementMap":{"0":{"start":{"line":1,"column":0},"end":{"line":1,"column":50}},"1":{"start":{"line":2,"column":0},"end":{"line":2,"column":30}},"2":{"start":{"line":8,"column":4},"end":{"line":8,"column":16}},"3":{"start":{"line":5,"column":13},"end":{"line":null,"column":-1}},"4":{"start":{"line":5,"column":13},"end":{"line":5,"column":16}}},"fnMap":{"0":{"name":"(anonymous_4)","decl":{"start":{"line":7,"column":2},"end":{"line":7,"column":27}},"loc":{"start":{"line":7,"column":28},"end":{"line":9,"column":3}}}},"branchMap":{},"s":{"0":1,"1":1,"2":2,"3":1,"4":1},"f":{"0":2},"b":{}}
}
